# JRE version: OpenJDK Runtime Environment (11.0.10) (build 11.0.10+0-b96-7249189)
# Java VM: OpenJDK 64-Bit Server VM (11.0.10+0-b96-7249189, mixed mode, tiered, compressed oops, g1 gc, windows-amd64)
Heap:
 garbage-first heap   total 131072K, used 87256K [0x00000000a0000000, 0x0000000100000000)
  region size 1024K, 54 young (55296K), 9 survivors (9216K)
 Metaspace       used 54914K, capacity 56223K, committed 56448K, reserved 1097728K
  class space    used 6986K, capacity 7504K, committed 7552K, reserved 1048576K
GC Heap History (16 events):
Event: 0.620 GC heap before
{Heap before GC invocations=0 (full 0):
 garbage-first heap   total 131072K, used 29696K [0x00000000a0000000, 0x0000000100000000)
  region size 1024K, 24 young (24576K), 0 survivors (0K)
 Metaspace       used 10718K, capacity 11000K, committed 11264K, reserved 1058816K
  class space    used 1132K, capacity 1200K, committed 1280K, reserved 1048576K
}
Event: 0.625 GC heap after
{Heap after GC invocations=1 (full 0):
 garbage-first heap   total 131072K, used 9130K [0x00000000a0000000, 0x0000000100000000)
  region size 1024K, 3 young (3072K), 3 survivors (3072K)
 Metaspace       used 10718K, capacity 11000K, committed 11264K, reserved 1058816K
  class space    used 1132K, capacity 1200K, committed 1280K, reserved 1048576K
}
Event: 2.028 GC heap before
{Heap before GC invocations=1 (full 0):
 garbage-first heap   total 131072K, used 83882K [0x00000000a0000000, 0x0000000100000000)
  region size 1024K, 76 young (77824K), 3 survivors (3072K)
 Metaspace       used 18975K, capacity 19341K, committed 19584K, reserved 1067008K
  class space    used 2301K, capacity 2414K, committed 2432K, reserved 1048576K
}
Event: 2.034 GC heap after
{Heap after GC invocations=2 (full 0):
 garbage-first heap   total 131072K, used 15881K [0x00000000a0000000, 0x0000000100000000)
  region size 1024K, 10 young (10240K), 10 survivors (10240K)
 Metaspace       used 18975K, capacity 19341K, committed 19584K, reserved 1067008K
  class space    used 2301K, capacity 2414K, committed 2432K, reserved 1048576K
}
Event: 2.173 GC heap before
{Heap before GC invocations=2 (full 0):
 garbage-first heap   total 131072K, used 24073K [0x00000000a0000000, 0x0000000100000000)
  region size 1024K, 19 young (19456K), 10 survivors (10240K)
 Metaspace       used 20617K, capacity 21123K, committed 21248K, reserved 1067008K
  class space    used 2543K, capacity 2693K, committed 2816K, reserved 1048576K
}
Event: 2.180 GC heap after
{Heap after GC invocations=3 (full 0):
 garbage-first heap   total 131072K, used 16350K [0x00000000a0000000, 0x0000000100000000)
  region size 1024K, 1 young (1024K), 1 survivors (1024K)
 Metaspace       used 20617K, capacity 21123K, committed 21248K, reserved 1067008K
  class space    used 2543K, capacity 2693K, committed 2816K, reserved 1048576K
}
Event: 2.786 GC heap before
{Heap before GC invocations=4 (full 0):
 garbage-first heap   total 131072K, used 68574K [0x00000000a0000000, 0x0000000100000000)
  region size 1024K, 53 young (54272K), 1 survivors (1024K)
 Metaspace       used 26240K, capacity 26870K, committed 27008K, reserved 1073152K
  class space    used 3437K, capacity 3635K, committed 3712K, reserved 1048576K
}
Event: 2.789 GC heap after
{Heap after GC invocations=5 (full 0):
 garbage-first heap   total 131072K, used 18101K [0x00000000a0000000, 0x0000000100000000)
  region size 1024K, 3 young (3072K), 3 survivors (3072K)
 Metaspace       used 26240K, capacity 26870K, committed 27008K, reserved 1073152K
  class space    used 3437K, capacity 3635K, committed 3712K, reserved 1048576K
}
Event: 3.552 GC heap before
{Heap before GC invocations=5 (full 0):
 garbage-first heap   total 131072K, used 68277K [0x00000000a0000000, 0x0000000100000000)
  region size 1024K, 51 young (52224K), 3 survivors (3072K)
 Metaspace       used 35042K, capacity 35719K, committed 35840K, reserved 1081344K
  class space    used 4511K, capacity 4775K, committed 4864K, reserved 1048576K
}
Event: 3.559 GC heap after
{Heap after GC invocations=6 (full 0):
 garbage-first heap   total 131072K, used 23590K [0x00000000a0000000, 0x0000000100000000)
  region size 1024K, 6 young (6144K), 6 survivors (6144K)
 Metaspace       used 35042K, capacity 35719K, committed 35840K, reserved 1081344K
  class space    used 4511K, capacity 4775K, committed 4864K, reserved 1048576K
}
Event: 4.457 GC heap before
{Heap before GC invocations=7 (full 0):
 garbage-first heap   total 131072K, used 84006K [0x00000000a0000000, 0x0000000100000000)
  region size 1024K, 65 young (66560K), 6 survivors (6144K)
 Metaspace       used 40533K, capacity 41423K, committed 41600K, reserved 1085440K
  class space    used 5186K, capacity 5454K, committed 5504K, reserved 1048576K
}
Event: 4.469 GC heap after
{Heap after GC invocations=8 (full 0):
 garbage-first heap   total 131072K, used 25456K [0x00000000a0000000, 0x0000000100000000)
  region size 1024K, 8 young (8192K), 8 survivors (8192K)
 Metaspace       used 40533K, capacity 41423K, committed 41600K, reserved 1085440K
  class space    used 5186K, capacity 5454K, committed 5504K, reserved 1048576K
}
Event: 7.938 GC heap before
{Heap before GC invocations=9 (full 0):
 garbage-first heap   total 131072K, used 86896K [0x00000000a0000000, 0x0000000100000000)
  region size 1024K, 68 young (69632K), 8 survivors (8192K)
 Metaspace       used 43986K, capacity 45027K, committed 45312K, reserved 1089536K
  class space    used 5637K, capacity 6020K, committed 6144K, reserved 1048576K
}
Event: 7.945 GC heap after
{Heap after GC invocations=10 (full 0):
 garbage-first heap   total 131072K, used 27760K [0x00000000a0000000, 0x0000000100000000)
  region size 1024K, 7 young (7168K), 7 survivors (7168K)
 Metaspace       used 43986K, capacity 45027K, committed 45312K, reserved 1089536K
  class space    used 5637K, capacity 6020K, committed 6144K, reserved 1048576K
}
Event: 10.992 GC heap before
{Heap before GC invocations=10 (full 0):
 garbage-first heap   total 131072K, used 97392K [0x00000000a0000000, 0x0000000100000000)
  region size 1024K, 69 young (70656K), 7 survivors (7168K)
 Metaspace       used 50421K, capacity 51609K, committed 51712K, reserved 1093632K
  class space    used 6409K, capacity 6870K, committed 6912K, reserved 1048576K
}
Event: 10.999 GC heap after
{Heap after GC invocations=11 (full 0):
 garbage-first heap   total 131072K, used 42200K [0x00000000a0000000, 0x0000000100000000)
  region size 1024K, 9 young (9216K), 9 survivors (9216K)
 Metaspace       used 50421K, capacity 51609K, committed 51712K, reserved 1093632K
  class space    used 6409K, capacity 6870K, committed 6912K, reserved 1048576K
}

